<?xml version="1.0" encoding="UTF-8"?>
<!-- Generated by org.testng.reporters.JUnitReportReporter -->
<testsuite hostname="DESKTOP-SMAMQC8" failures="0" tests="1" name="TestCases.BrowserStackSetup" time="8.440" errors="0" timestamp="2023-10-18T17:13:36 IST" skipped="0">
  <testcase classname="TestCases.BrowserStackSetup" name="login" time="8.440"/>
  <system-out/>
</testsuite> <!-- TestCases.BrowserStackSetup -->
