<?xml version="1.0" encoding="UTF-8"?>
<!-- Generated by org.testng.reporters.JUnitReportReporter -->
<testsuite hostname="DESKTOP-SMAMQC8" failures="0" tests="1" name="TestCases.aboluteRelativeXpathLocator" time="1.680" errors="0" timestamp="2023-10-18T18:39:58 IST" skipped="0">
  <testcase classname="TestCases.aboluteRelativeXpathLocator" name="login1" time="1.680"/>
  <system-out/>
</testsuite> <!-- TestCases.aboluteRelativeXpathLocator -->
